[Miner1] Initialized new blockchain.json with genesis block
[Miner1] Loaded blockchain with 1 blocks
[Miner1] Listening on port 5001
[Miner1] Started miner on port 5001
[Miner1] Public key: -----BEGIN PUBLIC KEY-----
MFYwEAYHKoZIzj0CAQYFK4E...
[Miner1] Initial balance: 100
[Miner1] Mining started
[Miner1] Sync with peer port:5005 was reset by peer, will try to sync again in next cycle
[Miner1] Status - Balance: 100, Mempool: 0, Chain: 1 blocks
[Miner1] Status - Balance: 100, Mempool: 0, Chain: 1 blocks
[Miner1] Status - Balance: 100, Mempool: 0, Chain: 1 blocks
[Miner1] Status - Balance: 100, Mempool: 0, Chain: 1 blocks
[Miner1] Added transaction 9ee0b2e2 to mempool
[Miner1] Added transaction 3a491150 to mempool
[Miner1] Accepted block #1
[Miner1] Added transaction 11c7f7f9 to mempool
[Miner1] Added transaction a55893e9 to mempool
[Miner1] Added transaction 9453daea to mempool
[Miner1] Status - Balance: 100, Mempool: 3, Chain: 2 blocks
[Miner1] Added transaction 7f7b74ea to mempool
[Miner1] Added transaction 25fedfcc to mempool
[Miner1] Added transaction 90ce2004 to mempool
[Miner1] Accepted block #2
[Miner1] Added transaction 057d10a1 to mempool
[Miner1] Added transaction 0a495793 to mempool
[Miner1] Added transaction 47095676 to mempool
[Miner1] Accepted block #3
[Miner1] Added transaction bba24dcc to mempool
[Miner1] Added transaction 4a2f751f to mempool
[Miner1] Added transaction 29e3b4c1 to mempool
[Miner1] ⛏️  Mined Block #4 with 2 txns, reward=17
[Miner1] Added transaction 6ae8b80b to mempool
[Miner1] Added transaction 9c0e378e to mempool
[Miner1] Added transaction 8e844c20 to mempool
[Miner1] Status - Balance: 132, Mempool: 11, Chain: 5 blocks
[Miner1] Transaction 6ae8b80b rejected: insufficient balance (11 < 13)
[Miner1] Replaced local chain with longer received chain (6 blocks)
[Miner1] Added transaction 9b48b82c to mempool
[Miner1] Added transaction cd1898f1 to mempool
[Miner1] Added transaction d4ff1257 to mempool
[Miner1] Added transaction 4149f744 to mempool
[Miner1] Added transaction e17468dc to mempool
[Miner1] Accepted block #6
[Miner1] Added transaction 3cb73caf to mempool
[Miner1] Status - Balance: 85, Mempool: 12, Chain: 7 blocks
[Miner1] Accepted block #7
[Miner1] Added transaction 9cc9318d to mempool
[Miner1] ⛏️  Mined Block #8 with 2 txns, reward=14
[Miner1] ⛏️  Mined Block #9 with 2 txns, reward=14
[Miner1] ⛏️  Mined Block #10 with 2 txns, reward=12
[Miner1] Status - Balance: 133, Mempool: 5, Chain: 11 blocks
[Miner1] Accepted block #11
[Miner1] Replaced local chain with longer received chain (13 blocks)
[Miner1] Status - Balance: 145, Mempool: 1, Chain: 13 blocks
[Miner1] Added transaction 33dbb0e4 to mempool
[Miner1] Added transaction 20d512f2 to mempool
[Miner1] Added transaction 5d910fc4 to mempool
[Miner1] Added transaction 6b537fd8 to mempool
[Miner1] Added transaction 2774830b to mempool
[Miner1] Added transaction 97ff310e to mempool
[Miner1] ⛏️  Mined Block #13 with 2 txns, reward=13
[Miner1] Added transaction 7a2c486e to mempool
[Miner1] Added transaction 5ae4fb2e to mempool
[Miner1] Added transaction 79128c8e to mempool
[Miner1] Added transaction ab7e8d84 to mempool
[Miner1] Added transaction 21d581a2 to mempool
[Miner1] Replaced local chain with longer received chain (15 blocks)
[Miner1] Added transaction 72e62838 to mempool
[Miner1] Added transaction 162ba4b4 to mempool
[Miner1] Status - Balance: 145, Mempool: 11, Chain: 15 blocks
[Miner1] Added transaction cb7bd931 to mempool
[Miner1] Added transaction 6da837a4 to mempool
[Miner1] Added transaction 6593462f to mempool
[Miner1] Added transaction 900412bb to mempool
[Miner1] Added transaction a4d42d03 to mempool
[Miner1] ⛏️  Mined Block #15 with 2 txns, reward=16
[Miner1] Added transaction 895ba587 to mempool
[Miner1] ⛏️  Mined Block #16 with 2 txns, reward=16
[Miner1] Added transaction 90825df5 to mempool
[Miner1] Added transaction f778d4e7 to mempool
[Miner1] Status - Balance: 192, Mempool: 15, Chain: 17 blocks
[Miner1] Added transaction 44a03c9a to mempool
[Miner1] Added transaction 1171255b to mempool
[Miner1] Accepted block #17
[Miner1] Status - Balance: 174, Mempool: 15, Chain: 18 blocks
[Miner1] Accepted block #18
[Miner1] Accepted block #19
[Miner1] Status - Balance: 176, Mempool: 11, Chain: 20 blocks
[Miner1] ⛏️  Mined Block #20 with 2 txns, reward=14
[Miner1] ⛏️  Mined Block #21 with 2 txns, reward=14
[Miner1] Sync with peer port:5002 was reset by peer, will try to sync again in next cycle
[Miner1] ⛏️  Mined Block #22 with 2 txns, reward=12
[Miner1] Sync with peer port:5002 was reset by peer, will try to sync again in next cycle
[Miner1] Status - Balance: 209, Mempool: 5, Chain: 23 blocks
[Miner1] Status - Balance: 209, Mempool: 5, Chain: 23 blocks
[Miner1] Accepted block #23
[Miner1] Accepted block #24
[Miner1] ⛏️  Mined Block #25 with 2 txns, reward=10
[Miner1] Status - Balance: 257, Mempool: 0, Chain: 26 blocks
[Miner1] Status - Balance: 257, Mempool: 0, Chain: 26 blocks
[Miner1] Status - Balance: 257, Mempool: 0, Chain: 26 blocks
[Miner1] Status - Balance: 257, Mempool: 0, Chain: 26 blocks
[Miner1] Status - Balance: 257, Mempool: 0, Chain: 26 blocks
