[Miner2] Initialized new blockchain.json with genesis block
[Miner2] Loaded blockchain with 1 blocks
[Miner2] Listening on port 5002
[Miner2] Started miner on port 5002
[Miner2] Public key: -----BEGIN PUBLIC KEY-----
MFYwEAYHKoZIzj0CAQYFK4E...
[Miner2] Initial balance: 100
[Miner2] Mining started
[Miner2] Status - Balance: 100, Mempool: 0, Chain: 1 blocks
[Miner2] Status - Balance: 100, Mempool: 0, Chain: 1 blocks
[Miner2] Status - Balance: 100, Mempool: 0, Chain: 1 blocks
[Miner2] Status - Balance: 100, Mempool: 0, Chain: 1 blocks
[Miner2] Added transaction 9ee0b2e2 to mempool
[Miner2] Added transaction 3a491150 to mempool
[Miner2] ⛏️  Mined Block #1 with 2 txns, reward=13
[Miner2] Added transaction 11c7f7f9 to mempool
[Miner2] Added transaction a55893e9 to mempool
[Miner2] Added transaction 9453daea to mempool
[Miner2] Status - Balance: 113, Mempool: 3, Chain: 2 blocks
[Miner2] Added transaction 7f7b74ea to mempool
[Miner2] Added transaction 25fedfcc to mempool
[Miner2] Added transaction 90ce2004 to mempool
[Miner2] ⛏️  Mined Block #2 with 2 txns, reward=16
[Miner2] Added transaction 057d10a1 to mempool
[Miner2] Added transaction 0a495793 to mempool
[Miner2] Added transaction 47095676 to mempool
[Miner2] ⛏️  Mined Block #3 with 2 txns, reward=17
[Miner2] Added transaction bba24dcc to mempool
[Miner2] Added transaction 4a2f751f to mempool
[Miner2] Added transaction 6ae8b80b to mempool
[Miner2] Added transaction 8e844c20 to mempool
[Miner2] Added transaction 9b48b82c to mempool
[Miner2] Added transaction 29e3b4c1 to mempool
[Miner2] Status - Balance: 158, Mempool: 11, Chain: 4 blocks
[Miner2] Added transaction 9c0e378e to mempool
[Miner2] Added transaction cd1898f1 to mempool
[Miner2] ⛏️  Mined Block #4 with 2 txns, reward=16
[Miner2] Added transaction d4ff1257 to mempool
[Miner2] Added transaction 4149f744 to mempool
[Miner2] ⛏️  Mined Block #5 with 2 txns, reward=15
[Miner2] Added transaction e17468dc to mempool
[Miner2] ⛏️  Mined Block #6 with 2 txns, reward=15
[Miner2] Added transaction 3cb73caf to mempool
[Miner2] Status - Balance: 197, Mempool: 11, Chain: 7 blocks
[Miner2] ⛏️  Mined Block #7 with 2 txns, reward=14
[Miner2] Added transaction 9cc9318d to mempool
[Miner2] Accepted block #8
[Miner2] Accepted block #9
[Miner2] Accepted block #10
[Miner2] Status - Balance: 205, Mempool: 4, Chain: 11 blocks
[Miner2] ⛏️  Mined Block #11 with 2 txns, reward=12
[Miner2] Sync with peer port:5001 was reset by peer, will try to sync again in next cycle
[Miner2] ⛏️  Mined Block #12 with 2 txns, reward=12
[Miner2] Status - Balance: 229, Mempool: 0, Chain: 13 blocks
[Miner2] Added transaction 33dbb0e4 to mempool
[Miner2] Added transaction 20d512f2 to mempool
[Miner2] Added transaction 5d910fc4 to mempool
[Miner2] Added transaction 6b537fd8 to mempool
[Miner2] Added transaction 2774830b to mempool
[Miner2] Added transaction 97ff310e to mempool
[Miner2] ⛏️  Mined Block #13 with 2 txns, reward=13
[Miner2] Added transaction 7a2c486e to mempool
[Miner2] Added transaction 5ae4fb2e to mempool
[Miner2] Added transaction 79128c8e to mempool
[Miner2] Added transaction ab7e8d84 to mempool
[Miner2] Added transaction 21d581a2 to mempool
[Miner2] ⛏️  Mined Block #14 with 2 txns, reward=17
[Miner2] Added transaction 72e62838 to mempool
[Miner2] Added transaction 162ba4b4 to mempool
[Miner2] Status - Balance: 259, Mempool: 9, Chain: 15 blocks
[Miner2] Added transaction cb7bd931 to mempool
[Miner2] Added transaction a4d42d03 to mempool
[Miner2] ⛏️  Mined Block #15 with 2 txns, reward=16
[Miner2] Added transaction 6da837a4 to mempool
[Miner2] Transaction 6593462f rejected: insufficient balance (9 < 13)
[Miner2] Replaced local chain with longer received chain (17 blocks)
[Miner2] Added transaction 6593462f to mempool
[Miner2] Added transaction 900412bb to mempool
[Miner2] Added transaction 90825df5 to mempool
[Miner2] Added transaction 895ba587 to mempool
[Miner2] Status - Balance: 284, Mempool: 14, Chain: 17 blocks
[Miner2] Added transaction f778d4e7 to mempool
[Miner2] Added transaction 44a03c9a to mempool
[Miner2] Added transaction 1171255b to mempool
[Miner2] ⛏️  Mined Block #17 with 2 txns, reward=16
[Miner2] Status - Balance: 283, Mempool: 14, Chain: 18 blocks
[Miner2] ⛏️  Mined Block #18 with 2 txns, reward=14
[Miner2] ⛏️  Mined Block #19 with 2 txns, reward=14
[Miner2] Status - Balance: 308, Mempool: 10, Chain: 20 blocks
[Miner2] Accepted block #20
[Miner2] Accepted block #21
[Miner2] Accepted block #22
[Miner2] Status - Balance: 302, Mempool: 4, Chain: 23 blocks
[Miner2] Status - Balance: 302, Mempool: 4, Chain: 23 blocks
[Miner2] ⛏️  Mined Block #23 with 2 txns, reward=12
[Miner2] ⛏️  Mined Block #24 with 2 txns, reward=11
[Miner2] Sync with peer port:5001 was reset by peer, will try to sync again in next cycle
[Miner2] Sync with peer port:5001 was reset by peer, will try to sync again in next cycle
[Miner2] Accepted block #25
[Miner2] Status - Balance: 341, Mempool: 0, Chain: 26 blocks
[Miner2] Status - Balance: 341, Mempool: 0, Chain: 26 blocks
[Miner2] Status - Balance: 341, Mempool: 0, Chain: 26 blocks
[Miner2] Status - Balance: 341, Mempool: 0, Chain: 26 blocks
[Miner2] Status - Balance: 341, Mempool: 0, Chain: 26 blocks
